<?xml version="1.0" encoding="UTF-8"?>
<testng-results ignored="0" total="1" passed="1" failed="0" skipped="0">
  <reporter-output>
  </reporter-output>
  <suite started-at="2024-11-25T08:37:58 IST" name="Default suite" finished-at="2024-11-25T08:38:04 IST" duration-ms="6382">
    <groups>
    </groups>
    <test started-at="2024-11-25T08:37:58 IST" name="Default test" finished-at="2024-11-25T08:38:04 IST" duration-ms="6382">
      <class name="org.wipro.automation.aumw.testcases.LoginScenario">
        <test-method is-config="true" signature="launchBrowser()[pri:0, instance:org.wipro.automation.aumw.testcases.LoginScenario@76a4ebf2]" started-at="2024-11-25T08:37:58 IST" name="launchBrowser" finished-at="2024-11-25T08:38:03 IST" duration-ms="5375" status="PASS">
          <reporter-output>
          </reporter-output>
        </test-method> <!-- launchBrowser -->
        <test-method signature="testlogin()[pri:0, instance:org.wipro.automation.aumw.testcases.LoginScenario@76a4ebf2]" started-at="2024-11-25T08:38:03 IST" name="testlogin" finished-at="2024-11-25T08:38:04 IST" duration-ms="906" status="PASS">
          <reporter-output>
          </reporter-output>
        </test-method> <!-- testlogin -->
        <test-method is-config="true" signature="closeBrowser()[pri:0, instance:org.wipro.automation.aumw.testcases.LoginScenario@76a4ebf2]" started-at="2024-11-25T08:38:04 IST" name="closeBrowser" finished-at="2024-11-25T08:38:04 IST" duration-ms="2" status="PASS">
          <reporter-output>
          </reporter-output>
        </test-method> <!-- closeBrowser -->
      </class> <!-- org.wipro.automation.aumw.testcases.LoginScenario -->
    </test> <!-- Default test -->
  </suite> <!-- Default suite -->
</testng-results>
